Drill report for /home/stephen/workspace/brush/projects/codeclub/pcb/eg_node/eg_node+boxco-1313.kicad_pcb
Created on Tue 03 Jul 2018 09:25:58 NZST

Copper Layer Stackup:
    =============================================================
    L1 :  F.Cu                      front
    L2 :  In1.Cu                    inner1
    L3 :  In2.Cu                    inner2
    L4 :  B.Cu                      back


Drill file 'eg_node+boxco-1313.drl' contains
    plated through holes:
    =============================================================
    T1  0.30mm  0.012"  (2 holes)
    T2  0.40mm  0.016"  (97 holes)
    T3  0.50mm  0.020"  (3 holes)  (with 3 slots)
    T4  0.90mm  0.035"  (2 holes)
    T5  1.00mm  0.039"  (8 holes)
    T6  2.50mm  0.098"  (2 holes)
    T7  3.20mm  0.126"  (2 holes)

    Total plated holes count 116


Drill file 'eg_node+boxco-1313-NPTH.drl' contains
    unplated through holes:
    =============================================================
    T1  3.20mm  0.126"  (3 holes)

    Total unplated holes count 3
