Drill report for /home/stephen/workspace/brush/projects/codeclub/pcb/eg_node/eg_node+boxco-1313.kicad_pcb
Created on Thu 09 Aug 2018 16:35:49 NZST

Copper Layer Stackup:
    =============================================================
    L1 :  F.Cu                      front
    L2 :  In1.Cu                    inner1
    L3 :  In2.Cu                    inner2
    L4 :  B.Cu                      back


Drill file 'eg_node+boxco-1313.drl' contains
    plated through holes:
    =============================================================
    T1  0.30mm  0.012"  (2 holes)
    T2  0.40mm  0.016"  (99 holes)
    T3  0.50mm  0.020"  (3 holes)  (with 3 slots)
    T4  0.60mm  0.024"  (2 holes)  (with 2 slots)
    T5  0.85mm  0.033"  (2 holes)
    T6  1.00mm  0.039"  (8 holes)
    T7  3.50mm  0.138"  (4 holes)

    Total plated holes count 120


Drill file 'eg_node+boxco-1313-NPTH.drl' contains
    unplated through holes:
    =============================================================
    T1  2.50mm  0.098"  (2 holes)
    T2  4.50mm  0.177"  (3 holes)

    Total unplated holes count 5
